  main.cpp
D:\Code\Basic-CPU-In-Logisim\Astro8-Emulator\main.cpp(455,45): warning C4244: 'argument': conversion from 'int' to 'float', possible loss of data
D:\Code\Basic-CPU-In-Logisim\Astro8-Emulator\main.cpp(455,32): warning C4244: 'argument': conversion from 'int' to 'float', possible loss of data
D:\Code\Basic-CPU-In-Logisim\Astro8-Emulator\main.cpp(535,31): warning C4018: '>=': signed/unsigned mismatch
D:\Code\Basic-CPU-In-Logisim\Astro8-Emulator\main.cpp(590,28): warning C4244: '+=': conversion from 'double' to 'unsigned long', possible loss of data
D:\Code\Basic-CPU-In-Logisim\Astro8-Emulator\main.cpp(593,28): warning C4244: '+=': conversion from 'double' to 'unsigned long', possible loss of data
D:\Code\Basic-CPU-In-Logisim\Astro8-Emulator\main.cpp(596,28): warning C4244: '+=': conversion from 'double' to 'unsigned long', possible loss of data
D:\Code\Basic-CPU-In-Logisim\Astro8-Emulator\main.cpp(821,42): warning C4267: '=': conversion from 'size_t' to 'int', possible loss of data
D:\Code\Basic-CPU-In-Logisim\Astro8-Emulator\main.cpp(778): warning C4172: returning address of local variable or temporary: stepComputedInstruction
main.obj : error LNK2019: unresolved external symbol SDL_CreateWindow referenced in function "int __cdecl InitGraphics(class std::basic_string<char,struct std::char_traits<char>,class std::allocator<char> >,int,int,int)" (?InitGraphics@@YAHV?$basic_string@DU?$char_traits@D@std@@V?$allocator@D@2@@std@@HHH@Z)
main.obj : error LNK2019: unresolved external symbol SDL_GetWindowSurface referenced in function "int __cdecl InitGraphics(class std::basic_string<char,struct std::char_traits<char>,class std::allocator<char> >,int,int,int)" (?InitGraphics@@YAHV?$basic_string@DU?$char_traits@D@std@@V?$allocator@D@2@@std@@HHH@Z)
main.obj : error LNK2019: unresolved external symbol SDL_DestroyWindow referenced in function "void __cdecl destroy(struct SDL_Renderer *,struct SDL_Window *)" (?destroy@@YAXPEAUSDL_Renderer@@PEAUSDL_Window@@@Z)
main.obj : error LNK2019: unresolved external symbol SDL_PollEvent referenced in function SDL_main
main.obj : error LNK2019: unresolved external symbol SDL_SetHint referenced in function "int __cdecl InitGraphics(class std::basic_string<char,struct std::char_traits<char>,class std::allocator<char> >,int,int,int)" (?InitGraphics@@YAHV?$basic_string@DU?$char_traits@D@std@@V?$allocator@D@2@@std@@HHH@Z)
main.obj : error LNK2019: unresolved external symbol SDL_CreateRenderer referenced in function "int __cdecl InitGraphics(class std::basic_string<char,struct std::char_traits<char>,class std::allocator<char> >,int,int,int)" (?InitGraphics@@YAHV?$basic_string@DU?$char_traits@D@std@@V?$allocator@D@2@@std@@HHH@Z)
main.obj : error LNK2019: unresolved external symbol SDL_CreateTexture referenced in function "int __cdecl InitGraphics(class std::basic_string<char,struct std::char_traits<char>,class std::allocator<char> >,int,int,int)" (?InitGraphics@@YAHV?$basic_string@DU?$char_traits@D@std@@V?$allocator@D@2@@std@@HHH@Z)
main.obj : error LNK2019: unresolved external symbol SDL_UpdateTexture referenced in function "void __cdecl apply_pixels(class std::vector<unsigned char,class std::allocator<unsigned char> > &,struct SDL_Texture *,unsigned int)" (?apply_pixels@@YAXAEAV?$vector@EV?$allocator@E@std@@@std@@PEAUSDL_Texture@@I@Z)
main.obj : error LNK2019: unresolved external symbol SDL_RenderSetLogicalSize referenced in function "int __cdecl InitGraphics(class std::basic_string<char,struct std::char_traits<char>,class std::allocator<char> >,int,int,int)" (?InitGraphics@@YAHV?$basic_string@DU?$char_traits@D@std@@V?$allocator@D@2@@std@@HHH@Z)
main.obj : error LNK2019: unresolved external symbol SDL_RenderSetScale referenced in function "int __cdecl InitGraphics(class std::basic_string<char,struct std::char_traits<char>,class std::allocator<char> >,int,int,int)" (?InitGraphics@@YAHV?$basic_string@DU?$char_traits@D@std@@V?$allocator@D@2@@std@@HHH@Z)
main.obj : error LNK2019: unresolved external symbol SDL_SetRenderDrawColor referenced in function "void __cdecl DrawPixel(int,int,int,int,int)" (?DrawPixel@@YAXHHHHH@Z)
main.obj : error LNK2019: unresolved external symbol SDL_RenderClear referenced in function "void __cdecl clear_buffers(struct SDL_Renderer *,unsigned char,unsigned char,unsigned char,unsigned char)" (?clear_buffers@@YAXPEAUSDL_Renderer@@EEEE@Z)
main.obj : error LNK2019: unresolved external symbol SDL_RenderDrawPoint referenced in function "void __cdecl DrawPixel(int,int,int,int,int)" (?DrawPixel@@YAXHHHHH@Z)
main.obj : error LNK2019: unresolved external symbol SDL_RenderCopy referenced in function "void __cdecl DisplayTexture(struct SDL_Renderer *,struct SDL_Texture *)" (?DisplayTexture@@YAXPEAUSDL_Renderer@@PEAUSDL_Texture@@@Z)
main.obj : error LNK2019: unresolved external symbol SDL_RenderPresent referenced in function "void __cdecl DisplayTexture(struct SDL_Renderer *,struct SDL_Texture *)" (?DisplayTexture@@YAXPEAUSDL_Renderer@@PEAUSDL_Texture@@@Z)
main.obj : error LNK2019: unresolved external symbol SDL_DestroyTexture referenced in function "void __cdecl destroy(struct SDL_Renderer *,struct SDL_Window *)" (?destroy@@YAXPEAUSDL_Renderer@@PEAUSDL_Window@@@Z)
main.obj : error LNK2019: unresolved external symbol SDL_DestroyRenderer referenced in function "void __cdecl destroy(struct SDL_Renderer *,struct SDL_Window *)" (?destroy@@YAXPEAUSDL_Renderer@@PEAUSDL_Window@@@Z)
main.obj : error LNK2019: unresolved external symbol SDL_Init referenced in function "int __cdecl InitGraphics(class std::basic_string<char,struct std::char_traits<char>,class std::allocator<char> >,int,int,int)" (?InitGraphics@@YAHV?$basic_string@DU?$char_traits@D@std@@V?$allocator@D@2@@std@@HHH@Z)
main.obj : error LNK2019: unresolved external symbol SDL_Quit referenced in function "void __cdecl destroy(struct SDL_Renderer *,struct SDL_Window *)" (?destroy@@YAXPEAUSDL_Renderer@@PEAUSDL_Window@@@Z)
MSVCRTD.lib(exe_main.obj) : error LNK2019: unresolved external symbol main referenced in function "int __cdecl invoke_main(void)" (?invoke_main@@YAHXZ)
D:\Code\Basic-CPU-In-Logisim\Astro8-Emulator\x64\Debug\Astro8-Emulator.exe : fatal error LNK1120: 20 unresolved externals
