d:\code\astro8-computer\astro8-emulator\x64\release\astro8-emulator.ipdb
d:\code\astro8-computer\astro8-emulator\x64\release\astro8-emulator.iobj
d:\code\astro8-computer\astro8-emulator\x64\release\astro8.ipdb
d:\code\astro8-computer\astro8-emulator\x64\release\astro8.iobj
d:\code\astro8-computer\astro8-emulator\x64\release\vc143.pdb
d:\code\astro8-computer\astro8-emulator\x64\release\main.obj
d:\code\astro8-computer\astro8-emulator\x64\release\assembler.obj
d:\code\astro8-computer\astro8-emulator\x64\release\armstrong-compiler.obj
d:\code\astro8-computer\astro8-emulator\x64\release\escapi.obj
d:\code\astro8-computer\astro8-emulator\x64\release\char_set_memtape
d:\code\astro8-computer\astro8-emulator\x64\release\astro8.exe
d:\code\astro8-computer\astro8-emulator\x64\release\astro8.pdb
d:\code\astro8-computer\astro8-emulator\x64\release\astro8-emulator.res
d:\code\astro8-computer\astro8-emulator\x64\release\audio.obj
d:\code\astro8-computer\astro8-emulator\x64\release\synth.obj
d:\code\astro8-computer\astro8-emulator\x64\release\astro8-emulator.tlog\astro8-emulator.write.1u.tlog
d:\code\astro8-computer\astro8-emulator\x64\release\astro8-emulator.tlog\cl.command.1.tlog
d:\code\astro8-computer\astro8-emulator\x64\release\astro8-emulator.tlog\cl.items.tlog
d:\code\astro8-computer\astro8-emulator\x64\release\astro8-emulator.tlog\cl.read.1.tlog
d:\code\astro8-computer\astro8-emulator\x64\release\astro8-emulator.tlog\cl.write.1.tlog
d:\code\astro8-computer\astro8-emulator\x64\release\astro8-emulator.tlog\copyfile.command.1.tlog
d:\code\astro8-computer\astro8-emulator\x64\release\astro8-emulator.tlog\copyfile.read.1.tlog
d:\code\astro8-computer\astro8-emulator\x64\release\astro8-emulator.tlog\copyfile.write.1.tlog
d:\code\astro8-computer\astro8-emulator\x64\release\astro8-emulator.tlog\link.command.1.tlog
d:\code\astro8-computer\astro8-emulator\x64\release\astro8-emulator.tlog\link.read.1.tlog
d:\code\astro8-computer\astro8-emulator\x64\release\astro8-emulator.tlog\link.write.1.tlog
d:\code\astro8-computer\astro8-emulator\x64\release\astro8-emulator.tlog\link.write.2u.tlog
d:\code\astro8-computer\astro8-emulator\x64\release\astro8-emulator.tlog\rc.command.1.tlog
d:\code\astro8-computer\astro8-emulator\x64\release\astro8-emulator.tlog\rc.read.1.tlog
d:\code\astro8-computer\astro8-emulator\x64\release\astro8-emulator.tlog\rc.write.1.tlog
